<?xml version="1.0" encoding="UTF-8"?>
<testsuite name="com.example.redis.repository.AvailablePointRedisRepositoryTest" tests="1" skipped="0" failures="0" errors="0" timestamp="2022-03-21T07:22:17" hostname="LFui-MacBookPro.local" time="0.446">
  <properties/>
  <testcase name="indexedTest()" classname="com.example.redis.repository.AvailablePointRedisRepositoryTest" time="0.446"/>
  <system-out><![CDATA[16:22:15.672 [Test worker] DEBUG org.springframework.test.context.BootstrapUtils - Instantiating CacheAwareContextLoaderDelegate from class [org.springframework.test.context.cache.DefaultCacheAwareContextLoaderDelegate]
16:22:15.676 [Test worker] DEBUG org.springframework.test.context.BootstrapUtils - Instantiating BootstrapContext using constructor [public org.springframework.test.context.support.DefaultBootstrapContext(java.lang.Class,org.springframework.test.context.CacheAwareContextLoaderDelegate)]
16:22:15.688 [Test worker] DEBUG org.springframework.test.context.BootstrapUtils - Instantiating TestContextBootstrapper for test class [com.example.redis.repository.AvailablePointRedisRepositoryTest] from class [org.springframework.boot.test.context.SpringBootTestContextBootstrapper]
16:22:15.692 [Test worker] INFO org.springframework.boot.test.context.SpringBootTestContextBootstrapper - Neither @ContextConfiguration nor @ContextHierarchy found for test class [com.example.redis.repository.AvailablePointRedisRepositoryTest], using SpringBootContextLoader
16:22:15.694 [Test worker] DEBUG org.springframework.test.context.support.AbstractContextLoader - Did not detect default resource location for test class [com.example.redis.repository.AvailablePointRedisRepositoryTest]: class path resource [com/example/redis/repository/AvailablePointRedisRepositoryTest-context.xml] does not exist
16:22:15.694 [Test worker] DEBUG org.springframework.test.context.support.AbstractContextLoader - Did not detect default resource location for test class [com.example.redis.repository.AvailablePointRedisRepositoryTest]: class path resource [com/example/redis/repository/AvailablePointRedisRepositoryTestContext.groovy] does not exist
16:22:15.694 [Test worker] INFO org.springframework.test.context.support.AbstractContextLoader - Could not detect default resource locations for test class [com.example.redis.repository.AvailablePointRedisRepositoryTest]: no resource found for suffixes {-context.xml, Context.groovy}.
16:22:15.694 [Test worker] INFO org.springframework.test.context.support.AnnotationConfigContextLoaderUtils - Could not detect default configuration classes for test class [com.example.redis.repository.AvailablePointRedisRepositoryTest]: AvailablePointRedisRepositoryTest does not declare any static, non-private, non-final, nested classes annotated with @Configuration.
16:22:15.711 [Test worker] DEBUG org.springframework.test.context.support.ActiveProfilesUtils - Could not find an 'annotation declaring class' for annotation type [org.springframework.test.context.ActiveProfiles] and class [com.example.redis.repository.AvailablePointRedisRepositoryTest]
16:22:15.738 [Test worker] DEBUG org.springframework.context.annotation.ClassPathScanningCandidateComponentProvider - Identified candidate component class: file [/Users/lf/Works/demo/redis/build/classes/java/main/com/example/redis/RedisApplication.class]
16:22:15.741 [Test worker] INFO org.springframework.boot.test.context.SpringBootTestContextBootstrapper - Found @SpringBootConfiguration com.example.redis.RedisApplication for test class com.example.redis.repository.AvailablePointRedisRepositoryTest
16:22:15.773 [Test worker] DEBUG org.springframework.boot.test.context.SpringBootTestContextBootstrapper - @TestExecutionListeners is not present for class [com.example.redis.repository.AvailablePointRedisRepositoryTest]: using defaults.
16:22:15.774 [Test worker] INFO org.springframework.boot.test.context.SpringBootTestContextBootstrapper - Loaded default TestExecutionListener class names from location [META-INF/spring.factories]: [org.springframework.boot.test.autoconfigure.restdocs.RestDocsTestExecutionListener, org.springframework.boot.test.autoconfigure.web.client.MockRestServiceServerResetTestExecutionListener, org.springframework.boot.test.autoconfigure.web.servlet.MockMvcPrintOnlyOnFailureTestExecutionListener, org.springframework.boot.test.autoconfigure.web.servlet.WebDriverTestExecutionListener, org.springframework.boot.test.autoconfigure.webservices.client.MockWebServiceServerTestExecutionListener, org.springframework.boot.test.mock.mockito.MockitoTestExecutionListener, org.springframework.boot.test.mock.mockito.ResetMocksTestExecutionListener, org.springframework.test.context.web.ServletTestExecutionListener, org.springframework.test.context.support.DirtiesContextBeforeModesTestExecutionListener, org.springframework.test.context.event.ApplicationEventsTestExecutionListener, org.springframework.test.context.support.DependencyInjectionTestExecutionListener, org.springframework.test.context.support.DirtiesContextTestExecutionListener, org.springframework.test.context.transaction.TransactionalTestExecutionListener, org.springframework.test.context.jdbc.SqlScriptsTestExecutionListener, org.springframework.test.context.event.EventPublishingTestExecutionListener]
16:22:15.780 [Test worker] INFO org.springframework.boot.test.context.SpringBootTestContextBootstrapper - Using TestExecutionListeners: [org.springframework.test.context.web.ServletTestExecutionListener@29e6eb25, org.springframework.test.context.support.DirtiesContextBeforeModesTestExecutionListener@62435e70, org.springframework.test.context.event.ApplicationEventsTestExecutionListener@339bf286, org.springframework.boot.test.mock.mockito.MockitoTestExecutionListener@38be305c, org.springframework.boot.test.autoconfigure.SpringBootDependencyInjectionTestExecutionListener@269f4bad, org.springframework.test.context.support.DirtiesContextTestExecutionListener@5ed731d0, org.springframework.test.context.transaction.TransactionalTestExecutionListener@3234f74e, org.springframework.test.context.jdbc.SqlScriptsTestExecutionListener@7bc10d84, org.springframework.test.context.event.EventPublishingTestExecutionListener@275fe372, org.springframework.boot.test.autoconfigure.restdocs.RestDocsTestExecutionListener@40e10ff8, org.springframework.boot.test.autoconfigure.web.client.MockRestServiceServerResetTestExecutionListener@557a1e2d, org.springframework.boot.test.autoconfigure.web.servlet.MockMvcPrintOnlyOnFailureTestExecutionListener@26a4842b, org.springframework.boot.test.autoconfigure.web.servlet.WebDriverTestExecutionListener@7e38a7fe, org.springframework.boot.test.autoconfigure.webservices.client.MockWebServiceServerTestExecutionListener@366ef90e, org.springframework.boot.test.mock.mockito.ResetMocksTestExecutionListener@33e01298]
16:22:15.782 [Test worker] DEBUG org.springframework.test.context.support.AbstractDirtiesContextTestExecutionListener - Before test class: context [DefaultTestContext@51e8e6e6 testClass = AvailablePointRedisRepositoryTest, testInstance = [null], testMethod = [null], testException = [null], mergedContextConfiguration = [WebMergedContextConfiguration@56f6d40b testClass = AvailablePointRedisRepositoryTest, locations = '{}', classes = '{class com.example.redis.RedisApplication}', contextInitializerClasses = '[]', activeProfiles = '{}', propertySourceLocations = '{}', propertySourceProperties = '{org.springframework.boot.test.context.SpringBootTestContextBootstrapper=true}', contextCustomizers = set[org.springframework.boot.test.autoconfigure.actuate.metrics.MetricsExportContextCustomizerFactory$DisableMetricExportContextCustomizer@a4add54, org.springframework.boot.test.autoconfigure.properties.PropertyMappingContextCustomizer@0, org.springframework.boot.test.autoconfigure.web.servlet.WebDriverContextCustomizerFactory$Customizer@39de3d36, org.springframework.boot.test.context.filter.ExcludeFilterContextCustomizer@58326051, org.springframework.boot.test.json.DuplicateJsonObjectContextCustomizerFactory$DuplicateJsonObjectContextCustomizer@764faa6, org.springframework.boot.test.mock.mockito.MockitoContextCustomizer@0, org.springframework.boot.test.web.client.TestRestTemplateContextCustomizer@7fb95505, org.springframework.boot.test.context.SpringBootTestArgs@1, org.springframework.boot.test.context.SpringBootTestWebEnvironment@2118cddf], resourceBasePath = 'src/main/webapp', contextLoader = 'org.springframework.boot.test.context.SpringBootContextLoader', parent = [null]], attributes = map['org.springframework.test.context.web.ServletTestExecutionListener.activateListener' -> true]], class annotated with @DirtiesContext [false] with mode [null].

  .   ____          _            __ _ _
 /\\ / ___'_ __ _ _(_)_ __  __ _ \ \ \ \
( ( )\___ | '_ | '_| | '_ \/ _` | \ \ \ \
 \\/  ___)| |_)| | | | | || (_| |  ) ) ) )
  '  |____| .__|_| |_|_| |_\__, | / / / /
 =========|_|==============|___/=/_/_/_/
 :: Spring Boot ::                (v2.6.4)

2022-03-21 16:22:16.102  INFO 87600 --- [    Test worker] .e.r.r.AvailablePointRedisRepositoryTest : Starting AvailablePointRedisRepositoryTest using Java 17.0.2 on LFui-MacBookPro.local with PID 87600 (started by lf in /Users/lf/Works/demo/redis)
2022-03-21 16:22:16.103  INFO 87600 --- [    Test worker] .e.r.r.AvailablePointRedisRepositoryTest : No active profile set, falling back to 1 default profile: "default"
2022-03-21 16:22:16.351  INFO 87600 --- [    Test worker] .s.d.r.c.RepositoryConfigurationDelegate : Multiple Spring Data modules found, entering strict repository configuration mode!
2022-03-21 16:22:16.351  INFO 87600 --- [    Test worker] .s.d.r.c.RepositoryConfigurationDelegate : Bootstrapping Spring Data Redis repositories in DEFAULT mode.
2022-03-21 16:22:16.419  INFO 87600 --- [    Test worker] .s.d.r.c.RepositoryConfigurationDelegate : Finished Spring Data repository scanning in 61 ms. Found 1 Redis repository interfaces.
2022-03-21 16:22:17.278  INFO 87600 --- [    Test worker] .e.r.r.AvailablePointRedisRepositoryTest : Started AvailablePointRedisRepositoryTest in 1.476 seconds (JVM running for 1.937)
]]></system-out>
  <system-err><![CDATA[]]></system-err>
</testsuite>
