<?xml version="1.0" encoding="UTF-8"?>
<testsuite name="com.example.redis.repository.AvailablePointRedisRepositoryTest" tests="1" skipped="0" failures="0" errors="0" timestamp="2022-03-15T08:36:02" hostname="LFui-MacBookPro.local" time="0.43">
  <properties/>
  <testcase name="saveAndFindTest()" classname="com.example.redis.repository.AvailablePointRedisRepositoryTest" time="0.43"/>
  <system-out><![CDATA[17:36:01.075 [Test worker] DEBUG org.springframework.test.context.BootstrapUtils - Instantiating CacheAwareContextLoaderDelegate from class [org.springframework.test.context.cache.DefaultCacheAwareContextLoaderDelegate]
17:36:01.081 [Test worker] DEBUG org.springframework.test.context.BootstrapUtils - Instantiating BootstrapContext using constructor [public org.springframework.test.context.support.DefaultBootstrapContext(java.lang.Class,org.springframework.test.context.CacheAwareContextLoaderDelegate)]
17:36:01.095 [Test worker] DEBUG org.springframework.test.context.BootstrapUtils - Instantiating TestContextBootstrapper for test class [com.example.redis.repository.AvailablePointRedisRepositoryTest] from class [org.springframework.boot.test.context.SpringBootTestContextBootstrapper]
17:36:01.100 [Test worker] INFO org.springframework.boot.test.context.SpringBootTestContextBootstrapper - Neither @ContextConfiguration nor @ContextHierarchy found for test class [com.example.redis.repository.AvailablePointRedisRepositoryTest], using SpringBootContextLoader
17:36:01.102 [Test worker] DEBUG org.springframework.test.context.support.AbstractContextLoader - Did not detect default resource location for test class [com.example.redis.repository.AvailablePointRedisRepositoryTest]: class path resource [com/example/redis/repository/AvailablePointRedisRepositoryTest-context.xml] does not exist
17:36:01.102 [Test worker] DEBUG org.springframework.test.context.support.AbstractContextLoader - Did not detect default resource location for test class [com.example.redis.repository.AvailablePointRedisRepositoryTest]: class path resource [com/example/redis/repository/AvailablePointRedisRepositoryTestContext.groovy] does not exist
17:36:01.102 [Test worker] INFO org.springframework.test.context.support.AbstractContextLoader - Could not detect default resource locations for test class [com.example.redis.repository.AvailablePointRedisRepositoryTest]: no resource found for suffixes {-context.xml, Context.groovy}.
17:36:01.102 [Test worker] INFO org.springframework.test.context.support.AnnotationConfigContextLoaderUtils - Could not detect default configuration classes for test class [com.example.redis.repository.AvailablePointRedisRepositoryTest]: AvailablePointRedisRepositoryTest does not declare any static, non-private, non-final, nested classes annotated with @Configuration.
17:36:01.119 [Test worker] DEBUG org.springframework.test.context.support.ActiveProfilesUtils - Could not find an 'annotation declaring class' for annotation type [org.springframework.test.context.ActiveProfiles] and class [com.example.redis.repository.AvailablePointRedisRepositoryTest]
17:36:01.146 [Test worker] DEBUG org.springframework.context.annotation.ClassPathScanningCandidateComponentProvider - Identified candidate component class: file [/Users/lf/Works/demo/redis/build/classes/java/main/com/example/redis/RedisApplication.class]
17:36:01.147 [Test worker] INFO org.springframework.boot.test.context.SpringBootTestContextBootstrapper - Found @SpringBootConfiguration com.example.redis.RedisApplication for test class com.example.redis.repository.AvailablePointRedisRepositoryTest
17:36:01.182 [Test worker] DEBUG org.springframework.boot.test.context.SpringBootTestContextBootstrapper - @TestExecutionListeners is not present for class [com.example.redis.repository.AvailablePointRedisRepositoryTest]: using defaults.
17:36:01.182 [Test worker] INFO org.springframework.boot.test.context.SpringBootTestContextBootstrapper - Loaded default TestExecutionListener class names from location [META-INF/spring.factories]: [org.springframework.boot.test.autoconfigure.restdocs.RestDocsTestExecutionListener, org.springframework.boot.test.autoconfigure.web.client.MockRestServiceServerResetTestExecutionListener, org.springframework.boot.test.autoconfigure.web.servlet.MockMvcPrintOnlyOnFailureTestExecutionListener, org.springframework.boot.test.autoconfigure.web.servlet.WebDriverTestExecutionListener, org.springframework.boot.test.autoconfigure.webservices.client.MockWebServiceServerTestExecutionListener, org.springframework.boot.test.mock.mockito.MockitoTestExecutionListener, org.springframework.boot.test.mock.mockito.ResetMocksTestExecutionListener, org.springframework.test.context.web.ServletTestExecutionListener, org.springframework.test.context.support.DirtiesContextBeforeModesTestExecutionListener, org.springframework.test.context.event.ApplicationEventsTestExecutionListener, org.springframework.test.context.support.DependencyInjectionTestExecutionListener, org.springframework.test.context.support.DirtiesContextTestExecutionListener, org.springframework.test.context.transaction.TransactionalTestExecutionListener, org.springframework.test.context.jdbc.SqlScriptsTestExecutionListener, org.springframework.test.context.event.EventPublishingTestExecutionListener]
17:36:01.188 [Test worker] INFO org.springframework.boot.test.context.SpringBootTestContextBootstrapper - Using TestExecutionListeners: [org.springframework.test.context.web.ServletTestExecutionListener@56c9bbd8, org.springframework.test.context.support.DirtiesContextBeforeModesTestExecutionListener@630cb4a4, org.springframework.test.context.event.ApplicationEventsTestExecutionListener@636e8cc, org.springframework.boot.test.mock.mockito.MockitoTestExecutionListener@f79a760, org.springframework.boot.test.autoconfigure.SpringBootDependencyInjectionTestExecutionListener@14f5da2c, org.springframework.test.context.support.DirtiesContextTestExecutionListener@12dae582, org.springframework.test.context.transaction.TransactionalTestExecutionListener@239b0f9d, org.springframework.test.context.jdbc.SqlScriptsTestExecutionListener@619bfe29, org.springframework.test.context.event.EventPublishingTestExecutionListener@5b057c8c, org.springframework.boot.test.autoconfigure.restdocs.RestDocsTestExecutionListener@1eb6749b, org.springframework.boot.test.autoconfigure.web.client.MockRestServiceServerResetTestExecutionListener@652a7737, org.springframework.boot.test.autoconfigure.web.servlet.MockMvcPrintOnlyOnFailureTestExecutionListener@5b7ea70d, org.springframework.boot.test.autoconfigure.web.servlet.WebDriverTestExecutionListener@2bef51f2, org.springframework.boot.test.autoconfigure.webservices.client.MockWebServiceServerTestExecutionListener@650eab8, org.springframework.boot.test.mock.mockito.ResetMocksTestExecutionListener@30f5a68a]
17:36:01.190 [Test worker] DEBUG org.springframework.test.context.support.AbstractDirtiesContextTestExecutionListener - Before test class: context [DefaultTestContext@5b04476e testClass = AvailablePointRedisRepositoryTest, testInstance = [null], testMethod = [null], testException = [null], mergedContextConfiguration = [WebMergedContextConfiguration@5ad10c1a testClass = AvailablePointRedisRepositoryTest, locations = '{}', classes = '{class com.example.redis.RedisApplication}', contextInitializerClasses = '[]', activeProfiles = '{}', propertySourceLocations = '{}', propertySourceProperties = '{org.springframework.boot.test.context.SpringBootTestContextBootstrapper=true}', contextCustomizers = set[org.springframework.boot.test.autoconfigure.actuate.metrics.MetricsExportContextCustomizerFactory$DisableMetricExportContextCustomizer@70f02c32, org.springframework.boot.test.autoconfigure.properties.PropertyMappingContextCustomizer@0, org.springframework.boot.test.autoconfigure.web.servlet.WebDriverContextCustomizerFactory$Customizer@4716be8b, org.springframework.boot.test.context.filter.ExcludeFilterContextCustomizer@6cce16f4, org.springframework.boot.test.json.DuplicateJsonObjectContextCustomizerFactory$DuplicateJsonObjectContextCustomizer@ca30bc1, org.springframework.boot.test.mock.mockito.MockitoContextCustomizer@0, org.springframework.boot.test.web.client.TestRestTemplateContextCustomizer@66c61024, org.springframework.boot.test.context.SpringBootTestArgs@1, org.springframework.boot.test.context.SpringBootTestWebEnvironment@5609159b], resourceBasePath = 'src/main/webapp', contextLoader = 'org.springframework.boot.test.context.SpringBootContextLoader', parent = [null]], attributes = map['org.springframework.test.context.web.ServletTestExecutionListener.activateListener' -> true]], class annotated with @DirtiesContext [false] with mode [null].

  .   ____          _            __ _ _
 /\\ / ___'_ __ _ _(_)_ __  __ _ \ \ \ \
( ( )\___ | '_ | '_| | '_ \/ _` | \ \ \ \
 \\/  ___)| |_)| | | | | || (_| |  ) ) ) )
  '  |____| .__|_| |_|_| |_\__, | / / / /
 =========|_|==============|___/=/_/_/_/
 :: Spring Boot ::                (v2.6.4)

2022-03-15 17:36:01.459  INFO 22993 --- [    Test worker] .e.r.r.AvailablePointRedisRepositoryTest : Starting AvailablePointRedisRepositoryTest using Java 17.0.2 on LFui-MacBookPro.local with PID 22993 (started by lf in /Users/lf/Works/demo/redis)
2022-03-15 17:36:01.460  INFO 22993 --- [    Test worker] .e.r.r.AvailablePointRedisRepositoryTest : No active profile set, falling back to 1 default profile: "default"
2022-03-15 17:36:01.771  INFO 22993 --- [    Test worker] .s.d.r.c.RepositoryConfigurationDelegate : Multiple Spring Data modules found, entering strict repository configuration mode!
2022-03-15 17:36:01.772  INFO 22993 --- [    Test worker] .s.d.r.c.RepositoryConfigurationDelegate : Bootstrapping Spring Data Redis repositories in DEFAULT mode.
2022-03-15 17:36:01.833  INFO 22993 --- [    Test worker] .s.d.r.c.RepositoryConfigurationDelegate : Finished Spring Data repository scanning in 55 ms. Found 1 Redis repository interfaces.
2022-03-15 17:36:02.611  INFO 22993 --- [    Test worker] .e.r.r.AvailablePointRedisRepositoryTest : Started AvailablePointRedisRepositoryTest in 1.403 seconds (JVM running for 1.84)
]]></system-out>
  <system-err><![CDATA[]]></system-err>
</testsuite>
